<?xml version="1.0" encoding="UTF-8"?>
<!-- Generated by org.testng.reporters.JUnitXMLReporter -->
<testsuite hostname="DESKTOP-GDVE49C" ignored="5" name="Chrome Test" tests="6" failures="1" timestamp="04 Jun 2020 19:31:37 GMT" time="2.12" errors="0">
  <testcase name="assertStatementDownloadTest" time="0.039" classname="testng.TestAttributesExample"/>
  <testcase name="assertValidExceptionTest" time="0.036" classname="testng.TestAttributesExample"/>
  <testcase name="assertParametersTest" time="0.042" classname="testng.TestAttributesExample"/>
  <testcase name="assertStatementDownloadTest" time="0.019" classname="testng.TestAttributesExample"/>
  <testcase name="assertStatementDownloadTest" time="0.01" classname="testng.TestAttributesExample"/>
  <testcase name="assertTimeOutTest" time="2.044" classname="testng.TestAttributesExample">
    <failure type="org.testng.internal.thread.ThreadTimeoutException" message="Method testng.TestAttributesExample.assertTimeOutTest() didn&amp;apos;t finish within the time-out 2000">
      <![CDATA[org.testng.internal.thread.ThreadTimeoutException: Method testng.TestAttributesExample.assertTimeOutTest() didn't finish within the time-out 2000
	at java.util.concurrent.ThreadPoolExecutor.runWorker(Unknown Source)
	at java.util.concurrent.ThreadPoolExecutor$Worker.run(Unknown Source)
	at java.lang.Thread.run(Unknown Source)
... Removed 7 stack frames]]>
    </failure>
  </testcase> <!-- assertTimeOutTest -->
  <testcase name="assertTestE" time="0.0" classname="testng.TestAttributesExample">
    <ignored/>
  </testcase> <!-- assertTestE -->
  <testcase name="assertTestB" time="0.0" classname="testng.TestAttributesExample">
    <ignored/>
  </testcase> <!-- assertTestB -->
  <testcase name="assertTestC" time="0.0" classname="testng.TestAttributesExample">
    <ignored/>
  </testcase> <!-- assertTestC -->
  <testcase name="assertTestD" time="0.0" classname="testng.TestAttributesExample">
    <ignored/>
  </testcase> <!-- assertTestD -->
  <testcase name="assertTestA" time="0.0" classname="testng.TestAttributesExample">
    <ignored/>
  </testcase> <!-- assertTestA -->
</testsuite> <!-- Chrome Test -->
